1760573918414:login 1 1
1760573922671:logout
1760574159572:a
1760574532326:login 1 2
1760574543010:m
1760579838915:billtotal
1760579841695:billTotal
1760579844442:city
1760579849124:city 1 1
1760579857654:currentUser
1760579859475:sector
1760579866770:sector --city=f
1760579877273:logout
1760579879469:login
1760580546445:login 1 1
1760595271290:currentUser
1760595308062:help
1760595314322:current-user
1760595317114:logout
1760595321170:current-user
1760595324056:logout
1760602805552:login 1 1
1760603349749:login adf asdf
1760603929427:login 1000 1
1760603973768:login asdf 1
1760604266704:login 3 3
1760661119254:login 1 1
1760661125482:currentUser
1760661127775:help
1760661131115:current-user
1760661133546:logout
1760661137633:current-user
1760663847163:login 1 1
1760663851002:login 2 2
1760663855382:current-user
1760663857735:logout
1760663863040:login 1 23
1760663901965:login 1 11
1760663925639:login 1 23
1760665663064:city
1760688638702:login 1 1
1760688645948:current-user
1760688647145:help
1760688653042:history
1760688669350:history -help
1760688691558:help
1760688695286:city
1760688705825:sector 사천시
1760688713230:sector 정읍시
1760688840364:currentuser
1760688842627:current-user
1760688844332:login 1 1
1760688848297:current-user
1760688849584:ciry
1760688851455:city
1760688855816:sector 동두천시
1760689062936:price 동두천시 가정용
1760689076009:bill-total 동두천시 가정용 10
1760689104826:login 1
1760689106599:login 1 1
1760689122640:bill-total 동두천시 가정용 10
1760689131250:city
1760689168473:login 1 1
1760689169761:city
1760689175346:sector 거제시
1760689539872:login 1 1
1760689596040:logout
1760690233236:city
1760690236908:sector ..
1760690240577:price .. ..
1760690250007:bill-total city sector 10
