2024-08-01 13:39:10,685 INFO [main] c.e.d.p.a.PriceAop [PriceAop.java:37] ----- 선도형 class com.example.demo.shell.MyCommands.city([]) ----->
2024-08-01 13:39:10,689 INFO [main] c.e.d.p.a.PriceAop [PriceAop.java:41] <----- 선도형 class com.example.demo.shell.MyCommands.city([]) -----
2024-08-01 13:39:46,560 INFO [main] c.e.d.p.a.PriceAop [PriceAop.java:37] ----- 선도형 class com.example.demo.shell.MyCommands.city([]) ----->
2024-08-01 13:39:46,565 INFO [main] c.e.d.p.a.PriceAop [PriceAop.java:41] <----- 선도형 class com.example.demo.shell.MyCommands.city([]) -----
2024-08-01 13:40:30,178 INFO [main] c.e.d.p.a.PriceAop [PriceAop.java:37] ----- 선도형 class com.example.demo.shell.MyCommands.city([]) ----->
2024-08-01 13:40:30,185 INFO [main] c.e.d.p.a.PriceAop [PriceAop.java:41] <----- 선도형 class com.example.demo.shell.MyCommands.city([동두천시, 파주시, 광주시, 양주시, 단양군, 서산시, 논산시, 금산군, 정읍시, 나주시, 장흥군, 함평군, 완도군, 진도군, 청송군, 고령군, 예천군, 통영시, 사천시, 거제시, 고성군]) -----
2024-08-01 13:43:17,163 INFO [main] c.e.d.p.a.PriceAop [PriceAop.java:37] ----- 선도형 class com.example.demo.shell.MyCommands.billTotal([동두천시, 가정용, 10]) ----->
2024-08-01 13:43:17,168 INFO [main] c.e.d.p.a.PriceAop [PriceAop.java:41] <----- 선도형 class com.example.demo.shell.MyCommands.billTotal(city: 동두천시, sector: 가정용, unit price(won) : 690, bill total(won): 4761000) -----
2024-08-01 13:44:42,102 INFO [main] c.e.d.p.a.PriceAop [PriceAop.java:37] ----- 선도형 class com.example.demo.shell.MyCommands.billTotal([동두천시, 가정용, 10]) ----->
2024-08-01 13:44:42,111 INFO [main] c.e.d.p.a.PriceAop [PriceAop.java:41] <----- 선도형 class com.example.demo.shell.MyCommands.billTotal(city: 동두천시, sector: 가정용, unit price(won) : 690, bill total(won): 10) -----
2024-08-01 13:45:23,426 INFO [main] c.e.d.p.a.PriceAop [PriceAop.java:37] ----- 선도형 class com.example.demo.shell.MyCommands.billTotal([동두천시, 가정용, 10]) ----->
2024-08-01 13:45:23,431 INFO [main] c.e.d.p.a.PriceAop [PriceAop.java:41] <----- 선도형 class com.example.demo.shell.MyCommands.billTotal(city: 동두천시, sector: 가정용, unit price(won) : 690, bill total(won): 690) -----
2024-08-01 13:45:53,930 INFO [main] c.e.d.p.a.PriceAop [PriceAop.java:37] ----- 선도형 class com.example.demo.shell.MyCommands.billTotal([동두천시, 가정용, 10]) ----->
2024-08-01 13:45:53,936 INFO [main] c.e.d.p.a.PriceAop [PriceAop.java:41] <----- 선도형 class com.example.demo.shell.MyCommands.billTotal(city: 동두천시, sector: 가정용, unit price(won) : 690, bill total(won): 4761000) -----
2024-08-01 13:46:50,221 INFO [main] c.e.d.p.a.PriceAop [PriceAop.java:37] ----- 선도형 class com.example.demo.shell.MyCommands.billTotal([동두천시, 가정용, 10]) ----->
2024-08-01 13:46:50,227 INFO [main] c.e.d.p.a.PriceAop [PriceAop.java:41] <----- 선도형 class com.example.demo.shell.MyCommands.billTotal(city: 동두천시, sector: 가정용, unit price(won) : 690, bill total(won): 4761000) -----
2024-08-01 13:48:40,288 INFO [main] c.e.d.p.a.PriceAop [PriceAop.java:37] ----- 선도형 class com.example.demo.shell.MyCommands.billTotal([동두천시, 가정용, 10]) ----->
2024-08-01 13:48:40,295 INFO [main] c.e.d.p.a.PriceAop [PriceAop.java:41] <----- 선도형 class com.example.demo.shell.MyCommands.billTotal(city: 동두천시, sector: 가정용, unit price(won) : 690, bill total(won): 6900) -----
2024-08-01 15:31:21,997 INFO [main] c.e.d.p.a.PriceAop [PriceAop.java:37] ----- 선도형 class com.example.demo.shell.MyCommands.city([]) ----->
2024-08-01 15:31:22,003 INFO [main] c.e.d.p.a.PriceAop [PriceAop.java:41] <----- 선도형 class com.example.demo.shell.MyCommands.city([동두천시, 파주시, 광주시, 양주시, 단양군, 서산시, 논산시, 금산군, 정읍시, 나주시, 장흥군, 함평군, 완도군, 진도군, 청송군, 고령군, 예천군, 통영시, 사천시, 거제시, 고성군]) -----
2024-08-01 15:31:52,289 INFO [main] c.e.d.p.a.PriceAop [PriceAop.java:37] ----- 선도형 class com.example.demo.shell.MyCommands.city([]) ----->
2024-08-01 15:31:52,294 INFO [main] c.e.d.p.a.PriceAop [PriceAop.java:41] <----- 선도형 class com.example.demo.shell.MyCommands.city([동두천시, 파주시, 광주시, 양주시, 단양군, 서산시, 논산시, 금산군, 정읍시, 나주시, 장흥군, 함평군, 완도군, 진도군, 청송군, 고령군, 예천군, 통영시, 사천시, 거제시, 고성군]) -----
2024-08-01 15:32:30,827 INFO [main] c.e.d.p.a.PriceAop [PriceAop.java:37] ----- 선도형 class com.example.demo.shell.MyCommands.city([]) ----->
2024-08-01 15:32:30,834 INFO [main] c.e.d.p.a.PriceAop [PriceAop.java:41] <----- 선도형 class com.example.demo.shell.MyCommands.city([동두천시, 파주시, 광주시, 양주시, 단양군, 서산시, 논산시, 금산군, 정읍시, 나주시, 장흥군, 함평군, 완도군, 진도군, 청송군, 고령군, 예천군, 통영시, 사천시, 거제시, 고성군]) -----
2024-08-01 15:32:54,666 INFO [main] c.e.d.p.a.PriceAop [PriceAop.java:37] ----- 선도형 class com.example.demo.shell.MyCommands.sector([동두천시]) ----->
2024-08-01 15:32:54,672 INFO [main] c.e.d.p.a.PriceAop [PriceAop.java:41] <----- 선도형 class com.example.demo.shell.MyCommands.sector([가정용, 일반용, 일반용(미), 전용공업용, 발전용]) -----
2024-08-01 15:38:18,741 INFO [main] c.e.d.p.a.PriceAop [PriceAop.java:37] ----- 선도형 class com.example.demo.shell.MyCommands.city([]) ----->
2024-08-01 15:38:18,747 INFO [main] c.e.d.p.a.PriceAop [PriceAop.java:41] <----- 선도형 class com.example.demo.shell.MyCommands.city([동두천시, 파주시, 광주시, 양주시, 단양군, 서산시, 논산시, 금산군, 정읍시, 나주시, 장흥군, 함평군, 완도군, 진도군, 청송군, 고령군, 예천군, 통영시, 사천시, 거제시, 고성군]) -----
2024-08-01 15:38:18,750 INFO [main] c.e.d.p.a.PriceAop [PriceAop.java:37] ----- 선도형 class com.example.demo.shell.MyCommands.sector([동두천시]) ----->
2024-08-01 15:38:18,752 INFO [main] c.e.d.p.a.PriceAop [PriceAop.java:41] <----- 선도형 class com.example.demo.shell.MyCommands.sector([가정용, 일반용, 일반용(미), 전용공업용, 발전용]) -----
2024-08-01 15:39:02,871 INFO [main] c.e.d.p.a.PriceAop [PriceAop.java:37] ----- 선도형 class com.example.demo.shell.MyCommands.city([]) ----->
2024-08-01 15:39:02,877 INFO [main] c.e.d.p.a.PriceAop [PriceAop.java:41] <----- 선도형 class com.example.demo.shell.MyCommands.city([동두천시, 파주시, 광주시, 양주시, 단양군, 서산시, 논산시, 금산군, 정읍시, 나주시, 장흥군, 함평군, 완도군, 진도군, 청송군, 고령군, 예천군, 통영시, 사천시, 거제시, 고성군]) -----
2024-08-01 15:39:02,879 INFO [main] c.e.d.p.a.PriceAop [PriceAop.java:37] ----- 선도형 class com.example.demo.shell.MyCommands.sector([동두천시]) ----->
2024-08-01 15:39:02,881 INFO [main] c.e.d.p.a.PriceAop [PriceAop.java:41] <----- 선도형 class com.example.demo.shell.MyCommands.sector([가정용, 일반용, 일반용(미), 전용공업용, 발전용]) -----
2024-08-01 15:39:18,064 INFO [main] c.e.d.p.a.PriceAop [PriceAop.java:37] ----- 선도형 class com.example.demo.shell.MyCommands.city([]) ----->
2024-08-01 15:39:18,070 INFO [main] c.e.d.p.a.PriceAop [PriceAop.java:41] <----- 선도형 class com.example.demo.shell.MyCommands.city([동두천시, 파주시, 광주시, 양주시, 단양군, 서산시, 논산시, 금산군, 정읍시, 나주시, 장흥군, 함평군, 완도군, 진도군, 청송군, 고령군, 예천군, 통영시, 사천시, 거제시, 고성군]) -----
2024-08-01 15:39:18,072 INFO [main] c.e.d.p.a.PriceAop [PriceAop.java:37] ----- 선도형 class com.example.demo.shell.MyCommands.sector([동두천시]) ----->
2024-08-01 15:39:18,074 INFO [main] c.e.d.p.a.PriceAop [PriceAop.java:41] <----- 선도형 class com.example.demo.shell.MyCommands.sector([가정용, 일반용, 일반용(미), 전용공업용, 발전용]) -----
2024-08-01 15:40:24,220 INFO [main] c.e.d.p.a.PriceAop [PriceAop.java:37] ----- 선도형 class com.example.demo.shell.MyCommands.city([]) ----->
2024-08-01 15:40:24,226 INFO [main] c.e.d.p.a.PriceAop [PriceAop.java:41] <----- 선도형 class com.example.demo.shell.MyCommands.city([동두천시, 파주시, 광주시, 양주시, 단양군, 서산시, 논산시, 금산군, 정읍시, 나주시, 장흥군, 함평군, 완도군, 진도군, 청송군, 고령군, 예천군, 통영시, 사천시, 거제시, 고성군]) -----
2024-08-01 15:40:24,228 INFO [main] c.e.d.p.a.PriceAop [PriceAop.java:37] ----- 선도형 class com.example.demo.shell.MyCommands.sector([동두천시]) ----->
2024-08-01 15:40:24,230 INFO [main] c.e.d.p.a.PriceAop [PriceAop.java:41] <----- 선도형 class com.example.demo.shell.MyCommands.sector([가정용, 일반용, 일반용(미), 전용공업용, 발전용]) -----
2024-08-01 15:46:32,275 INFO [main] c.e.d.p.a.PriceAop [PriceAop.java:37] ----- 선도형 class com.example.demo.shell.MyCommands.city([]) ----->
2024-08-01 15:46:32,281 INFO [main] c.e.d.p.a.PriceAop [PriceAop.java:41] <----- 선도형 class com.example.demo.shell.MyCommands.city([동두천시, 파주시, 광주시, 양주시, 단양군, 서산시, 논산시, 금산군, 정읍시, 나주시, 장흥군, 함평군, 완도군, 진도군, 청송군, 고령군, 예천군, 통영시, 사천시, 거제시, 고성군]) -----
2024-08-01 15:46:32,284 INFO [main] c.e.d.p.a.PriceAop [PriceAop.java:37] ----- 선도형 class com.example.demo.shell.MyCommands.sector([동두천시]) ----->
2024-08-01 15:46:32,285 INFO [main] c.e.d.p.a.PriceAop [PriceAop.java:41] <----- 선도형 class com.example.demo.shell.MyCommands.sector([가정용, 일반용, 일반용(미), 전용공업용, 발전용]) -----
2024-08-01 15:50:53,273 INFO [main] c.e.d.p.a.PriceAop [PriceAop.java:37] ----- 선도형 class com.example.demo.shell.MyCommands.city([]) ----->
2024-08-01 15:50:53,279 INFO [main] c.e.d.p.a.PriceAop [PriceAop.java:41] <----- 선도형 class com.example.demo.shell.MyCommands.city([동두천시, 파주시, 광주시, 양주시, 단양군, 서산시, 논산시, 금산군, 정읍시, 나주시, 장흥군, 함평군, 완도군, 진도군, 청송군, 고령군, 예천군, 통영시, 사천시, 거제시, 고성군]) -----
2024-08-01 15:50:53,282 INFO [main] c.e.d.p.a.PriceAop [PriceAop.java:37] ----- 선도형 class com.example.demo.shell.MyCommands.sector([동두천시]) ----->
2024-08-01 15:50:53,284 INFO [main] c.e.d.p.a.PriceAop [PriceAop.java:41] <----- 선도형 class com.example.demo.shell.MyCommands.sector([가정용, 일반용, 일반용(미), 전용공업용, 발전용]) -----
2024-08-01 15:59:32,496 INFO [main] c.e.d.p.a.PriceAop [PriceAop.java:37] ----- 선도형 class com.example.demo.shell.MyCommands.sector([동두천시]) ----->
2024-08-01 15:59:32,502 INFO [main] c.e.d.p.a.PriceAop [PriceAop.java:41] <----- 선도형 class com.example.demo.shell.MyCommands.sector([가정용, 일반용, 일반용(미), 전용공업용, 발전용]) -----
2024-08-01 16:04:14,111 INFO [main] c.e.d.p.a.PriceAop [PriceAop.java:37] ----- 선도형 class com.example.demo.shell.MyCommands.city([]) ----->
2024-08-01 16:04:14,116 INFO [main] c.e.d.p.a.PriceAop [PriceAop.java:41] <----- 선도형 class com.example.demo.shell.MyCommands.city([동두천시, 파주시, 광주시, 양주시, 단양군, 서산시, 논산시, 금산군, 정읍시, 나주시, 장흥군, 함평군, 완도군, 진도군, 청송군, 고령군, 예천군, 통영시, 사천시, 거제시, 고성군]) -----
2024-08-01 16:04:14,119 INFO [main] c.e.d.p.a.PriceAop [PriceAop.java:37] ----- 선도형 class com.example.demo.shell.MyCommands.sector([동두천시]) ----->
2024-08-01 16:04:14,120 INFO [main] c.e.d.p.a.PriceAop [PriceAop.java:41] <----- 선도형 class com.example.demo.shell.MyCommands.sector([가정용, 일반용, 일반용(미), 전용공업용, 발전용]) -----
2024-08-01 16:04:30,258 INFO [main] c.e.d.p.a.PriceAop [PriceAop.java:37] ----- 선도형 class com.example.demo.shell.MyCommands.city([]) ----->
2024-08-01 16:04:30,260 INFO [main] c.e.d.p.a.PriceAop [PriceAop.java:41] <----- 선도형 class com.example.demo.shell.MyCommands.city([동두천시, 파주시, 광주시, 양주시, 단양군, 서산시, 논산시, 금산군, 정읍시, 나주시, 장흥군, 함평군, 완도군, 진도군, 청송군, 고령군, 예천군, 통영시, 사천시, 거제시, 고성군]) -----
2024-08-01 16:04:30,264 INFO [main] c.e.d.p.a.PriceAop [PriceAop.java:37] ----- 선도형 class com.example.demo.shell.MyCommands.sector([동두천시]) ----->
2024-08-01 16:04:30,264 INFO [main] c.e.d.p.a.PriceAop [PriceAop.java:41] <----- 선도형 class com.example.demo.shell.MyCommands.sector([가정용, 일반용, 일반용(미), 전용공업용, 발전용]) -----
2024-08-01 16:08:59,468 INFO [main] c.e.d.p.a.PriceAop [PriceAop.java:37] ----- 선도형 class com.example.demo.shell.MyCommands.city([]) ----->
2024-08-01 16:08:59,474 INFO [main] c.e.d.p.a.PriceAop [PriceAop.java:41] <----- 선도형 class com.example.demo.shell.MyCommands.city([동두천시, 파주시, 광주시, 양주시, 단양군, 서산시, 논산시, 금산군, 정읍시, 나주시, 장흥군, 함평군, 완도군, 진도군, 청송군, 고령군, 예천군, 통영시, 사천시, 거제시, 고성군]) -----
2024-08-01 16:08:59,476 INFO [main] c.e.d.p.a.PriceAop [PriceAop.java:37] ----- 선도형 class com.example.demo.shell.MyCommands.sector([동두천시]) ----->
2024-08-01 16:08:59,478 INFO [main] c.e.d.p.a.PriceAop [PriceAop.java:41] <----- 선도형 class com.example.demo.shell.MyCommands.sector([가정용, 일반용, 일반용(미), 전용공업용, 발전용]) -----
2025-10-17 23:34:09,751 INFO [main] c.e.d.p.a.PriceAop [PriceAop.java:53] ----- 선도형 class com.example.demo.shell.MyCommands.city[Ljava.lang.Object;@7bcecef6 ----->
2025-10-17 23:34:09,761 INFO [main] c.e.d.p.a.PriceAop [PriceAop.java:64] <----- 선도형 class com.example.demo.shell.MyCommands.city[거제시, 고령군, 고성군, 광주시, 금산군, 나주시, 논산시, 단양군, 동두천시, 사천시, 서산시, 양주시, 예천군, 완도군, 장흥군, 정읍시, 진도군, 청송군, 통영시, 파주시, 함평군] -----
2025-10-18 00:31:26,313 INFO [main] c.e.d.p.a.PriceAop [PriceAop.java:56] ----- 선도형 class com.example.demo.shell.MyCommands.city([]) ----->
2025-10-18 00:31:26,316 INFO [main] c.e.d.p.a.PriceAop [PriceAop.java:67] <----- 선도형 class com.example.demo.shell.MyCommands.city([거제시, 고령군, 고성군, 광주시, 금산군, 나주시, 논산시, 단양군, 동두천시, 사천시, 서산시, 양주시, 예천군, 완도군, 장흥군, 정읍시, 진도군, 청송군, 통영시, 파주시, 함평군]) -----
2025-10-18 00:32:04,603 INFO [main] c.e.d.p.a.PriceAop [PriceAop.java:56] ----- 선도형 class com.example.demo.shell.MyCommands.sector([고령군]) ----->
2025-10-18 00:32:04,604 INFO [main] c.e.d.p.a.PriceAop [PriceAop.java:67] <----- 선도형 class com.example.demo.shell.MyCommands.sector([가정용, 공업용, 대중탕용, 일반용]) -----
2025-10-18 00:32:15,093 INFO [main] c.e.d.p.a.PriceAop [PriceAop.java:56] ----- 선도형 class com.example.demo.shell.MyCommands.price([고령군, 가정용]) ----->
2025-10-18 00:32:15,094 INFO [main] c.e.d.p.a.PriceAop [PriceAop.java:67] <----- 선도형 class com.example.demo.shell.MyCommands.price(Price(id=209, city=고령군, sector=가정용, unitPrice=435)) -----
2025-10-18 00:32:26,026 INFO [main] c.e.d.p.a.PriceAop [PriceAop.java:56] ----- 선도형 class com.example.demo.shell.MyCommands.billTotal([고령군, 가정용, 10]) ----->
2025-10-18 00:32:26,027 INFO [main] c.e.d.p.a.PriceAop [PriceAop.java:67] <----- 선도형 class com.example.demo.shell.MyCommands.billTotal(지자체명: 고령군, 업종: 가정용, 구간금액(원): 435, 총금액(원): 4350) -----
